Arguments: 
  /home/student/ei/ei20/ei2030/.anyenv/envs/nodenv/versions/15.7.0/bin/node /home/student/ei/ei20/ei2030/.anyenv/envs/nodenv/versions/15.7.0/bin/yarn add -D webpack webpack-cli webpack-devserver

PATH: 
  /home/student/ei/ei20/ei2030/.anyenv/envs/nodenv/versions/15.7.0/bin:/home/student/ei/ei20/ei2030/.anyenv/envs/nodenv/libexec:/home/student/ei/ei20/ei2030/.anyenv/envs/nodenv/plugins/nodenv-vars/bin:/home/student/ei/ei20/ei2030/.anyenv/envs/nodenv/plugins/node-build/bin:/home/student/ei/ei20/ei2030/.anyenv/envs/pyenv/shims:/home/student/ei/ei20/ei2030/.anyenv/envs/pyenv/bin:/home/student/ei/ei20/ei2030/.anyenv/envs/phpenv/shims:/home/student/ei/ei20/ei2030/.anyenv/envs/phpenv/bin:/home/student/ei/ei20/ei2030/.anyenv/envs/nodenv/shims:/home/student/ei/ei20/ei2030/.anyenv/envs/nodenv/bin:/home/student/ei/ei20/ei2030/.anyenv/bin:/home/common/bin:/home/common/bin/Linux:/home/common/bin/Linux/x86_64:/usr/local/thunderbird:/usr/local/eclipse:/usr/local/java/bin:/usr/local/bin:/usr/local/cuda/bin:/usr/lib64/openmpi/bin:/bin:/sbin:/usr/bin:/home/student/ei/ei20/ei2030/.anyenv/envs/pyenv/shims:/home/student/ei/ei20/ei2030/.anyenv/envs/pyenv/bin:/home/student/ei/ei20/ei2030/.anyenv/envs/phpenv/shims:/home/student/ei/ei20/ei2030/.anyenv/envs/phpenv/bin:/home/student/ei/ei20/ei2030/.anyenv/envs/nodenv/shims:/home/student/ei/ei20/ei2030/.anyenv/envs/nodenv/bin:/home/student/ei/ei20/ei2030/.anyenv/bin:/home/student/ei/ei20/ei2030/.anyenv/envs/pyenv/shims:/home/student/ei/ei20/ei2030/.anyenv/envs/pyenv/bin:/home/student/ei/ei20/ei2030/.anyenv/envs/phpenv/shims:/home/student/ei/ei20/ei2030/.anyenv/envs/phpenv/bin:/home/student/ei/ei20/ei2030/.anyenv/envs/nodenv/shims:/home/student/ei/ei20/ei2030/.anyenv/envs/nodenv/bin:/home/student/ei/ei20/ei2030/.anyenv/bin:/home/student/ei/ei20/ei2030/.anyenv/envs/pyenv/shims:/home/student/ei/ei20/ei2030/.anyenv/envs/pyenv/bin:/home/student/ei/ei20/ei2030/.anyenv/envs/phpenv/shims:/home/student/ei/ei20/ei2030/.anyenv/envs/phpenv/bin:/home/student/ei/ei20/ei2030/.anyenv/envs/nodenv/shims:/home/student/ei/ei20/ei2030/.anyenv/envs/nodenv/bin:/home/student/ei/ei20/ei2030/.anyenv/bin:/home/student/ei/ei20/ei2030/.anyenv/envs/pyenv/shims:/home/student/ei/ei20/ei2030/.anyenv/envs/pyenv/bin:/home/student/ei/ei20/ei2030/.anyenv/envs/phpenv/shims:/home/student/ei/ei20/ei2030/.anyenv/envs/phpenv/bin:/home/student/ei/ei20/ei2030/.anyenv/envs/nodenv/shims:/home/student/ei/ei20/ei2030/.anyenv/envs/nodenv/bin:/home/student/ei/ei20/ei2030/.anyenv/bin:/home/student/ei/ei20/ei2030/.anyenv/envs/pyenv/shims:/home/student/ei/ei20/ei2030/.anyenv/envs/pyenv/bin:/home/student/ei/ei20/ei2030/.anyenv/envs/phpenv/shims:/home/student/ei/ei20/ei2030/.anyenv/envs/phpenv/bin:/home/student/ei/ei20/ei2030/.anyenv/envs/nodenv/shims:/home/student/ei/ei20/ei2030/.anyenv/envs/nodenv/bin:/home/student/ei/ei20/ei2030/.anyenv/bin:/usr/local/sbin:/usr/sbin:/home/student/ei/ei20/ei2030/bin:.:/home/student/ei/ei20/ei2030/sdk/dart-sdk/bin:/home/student/ei/ei20/ei2030/jugyou/clang://home/student/ei/ei20/ei2030/githubCli/gh_1.9.2_linux_386/bin:/home/student/ei/ei20/ei2030/bin:.:/home/student/ei/ei20/ei2030/sdk/dart-sdk/bin:/home/student/ei/ei20/ei2030/jugyou/clang://home/student/ei/ei20/ei2030/githubCli/gh_1.9.2_linux_386/bin:/home/student/ei/ei20/ei2030/sdk/dart-sdk/bin:/home/student/ei/ei20/ei2030/node-v14.15.1-linux-x64/bin:/home/student/ei/ei20/ei2030/sdk/kotlin-master/compiler/cli/bin:/home/student/ei/ei20/ei2030/sdk/node-v15.5.0-linux-x64/bin:/home/student/ei/ei20/ei2030/bin:.:/home/student/ei/ei20/ei2030/sdk/dart-sdk/bin:/home/student/ei/ei20/ei2030/jugyou/clang://home/student/ei/ei20/ei2030/githubCli/gh_1.9.2_linux_386/bin:/home/student/ei/ei20/ei2030/bin:.:/home/student/ei/ei20/ei2030/sdk/dart-sdk/bin:/home/student/ei/ei20/ei2030/jugyou/clang:/home/student/ei/ei20/ei2030/sdk/code-insider-x64-1620624691/VSCode-linux-x64/bin://home/student/ei/ei20/ei2030/githubCli/gh_1.9.2_linux_386/bin:/home/student/ei/ei20/ei2030/bin:.:/home/student/ei/ei20/ei2030/sdk/dart-sdk/bin:/home/student/ei/ei20/ei2030/jugyou/clang:/home/student/ei/ei20/ei2030/sdk/code-insider-x64-1620624691/VSCode-linux-x64/bin://home/student/ei/ei20/ei2030/githubCli/gh_1.9.2_linux_386/bin:/home/student/ei/ei20/ei2030/bin:.:/home/student/ei/ei20/ei2030/sdk/dart-sdk/bin:/home/student/ei/ei20/ei2030/jugyou/clang:/home/student/ei/ei20/ei2030/sdk/code-insider-x64-1620624691/VSCode-linux-x64/bin://home/student/ei/ei20/ei2030/githubCli/gh_1.9.2_linux_386/bin

Yarn version: 
  1.22.10

Node version: 
  15.7.0

Platform: 
  linux x64

Trace: 
  Error: https://registry.yarnpkg.com/webpack: tunneling socket could not be established, cause=write EPROTO 139735809537920:error:1408F10B:SSL routines:ssl3_get_record:wrong version number:../deps/openssl/openssl/ssl/record/ssl3_record.c:332:
  
      at ClientRequest.onError (/home/student/ei/ei20/ei2030/.anyenv/envs/nodenv/versions/15.7.0/lib/node_modules/yarn/lib/cli.js:152235:17)
      at Object.onceWrapper (node:events:486:26)
      at ClientRequest.emit (node:events:379:20)
      at TLSSocket.socketErrorListener (node:_http_client:462:9)
      at TLSSocket.emit (node:events:379:20)
      at emitErrorNT (node:internal/streams/destroy:188:8)
      at emitErrorCloseNT (node:internal/streams/destroy:153:3)
      at processTicksAndRejections (node:internal/process/task_queues:81:21)

npm manifest: 
  {
    "name": "module",
    "version": "1.0.0",
    "description": "",
    "main": "main.js",
    "devDependencies": {},
    "scripts": {
      "test": "echo \"Error: no test specified\" && exit 1"
    },
    "keywords": [],
    "author": "",
    "license": "ISC"
  }

yarn manifest: 
  No manifest

Lockfile: 
  # THIS IS AN AUTOGENERATED FILE. DO NOT EDIT THIS FILE DIRECTLY.
  # yarn lockfile v1
